<?xml version="1.0" encoding="UTF-8"?>
<!-- Generated by org.testng.reporters.JUnitReportReporter -->
<testsuite hostname="Chandan" failures="0" tests="2" name="tests.LoginTest" time="44.001" errors="0" timestamp="2024-10-02T19:45:48 IST" skipped="0">
  <testcase classname="tests.LoginTest" name="login" time="18.022"/>
  <testcase classname="tests.LoginTest" name="login" time="25.979"/>
</testsuite> <!-- tests.LoginTest -->
