<?xml version="1.0" encoding="UTF-8"?>
<!-- Generated by org.testng.reporters.JUnitReportReporter -->
<testsuite hostname="Chandan" failures="0" tests="1" name="tests.RegisterTest" time="0.002" errors="0" timestamp="2024-10-02T19:45:48 IST" skipped="0">
  <testcase classname="tests.RegisterTest" name="registration" time="0.002"/>
</testsuite> <!-- tests.RegisterTest -->
