<?xml version="1.0" encoding="UTF-8"?>
<!-- Generated by org.testng.reporters.JUnitReportReporter -->
<testsuite hostname="Chandan" failures="0" tests="2" name="tests.LoginTest" time="43.872" errors="0" timestamp="2024-10-02T22:48:02 IST" skipped="0">
  <testcase classname="tests.LoginTest" name="login" time="25.890"/>
  <testcase classname="tests.LoginTest" name="login" time="17.982"/>
</testsuite> <!-- tests.LoginTest -->
