<?xml version="1.0" encoding="UTF-8"?>
<!-- Generated by org.testng.reporters.JUnitReportReporter -->
<testsuite hostname="Chandan" failures="0" tests="1" name="tests.CartTest" time="0.006" errors="0" timestamp="2024-10-02T22:48:02 IST" skipped="0">
  <testcase classname="tests.CartTest" name="cart" time="0.006"/>
</testsuite> <!-- tests.CartTest -->
